TN:
SF:src\application\services\ClienteService.ts
FN:18,(anonymous_7)
FN:22,(anonymous_8)
FN:41,(anonymous_10)
FN:60,(anonymous_12)
FN:79,(anonymous_14)
FN:98,(anonymous_16)
FN:126,(anonymous_18)
FN:154,(anonymous_20)
FNF:8
FNH:6
FNDA:10,(anonymous_7)
FNDA:0,(anonymous_8)
FNDA:0,(anonymous_10)
FNDA:2,(anonymous_12)
FNDA:2,(anonymous_14)
FNDA:2,(anonymous_16)
FNDA:2,(anonymous_18)
FNDA:2,(anonymous_20)
DA:1,1
DA:5,1
DA:7,1
DA:15,1
DA:19,10
DA:23,0
DA:29,0
DA:30,0
DA:31,0
DA:32,0
DA:34,0
DA:35,0
DA:36,0
DA:38,0
DA:42,0
DA:48,0
DA:49,0
DA:50,0
DA:51,0
DA:53,0
DA:54,0
DA:55,0
DA:57,0
DA:61,2
DA:67,2
DA:68,2
DA:69,2
DA:70,2
DA:72,0
DA:73,0
DA:74,0
DA:76,2
DA:80,2
DA:86,2
DA:87,2
DA:88,1
DA:89,1
DA:91,1
DA:92,1
DA:93,1
DA:95,2
DA:99,2
DA:105,2
DA:106,2
DA:108,2
DA:109,2
DA:110,2
DA:111,2
DA:112,2
DA:114,0
DA:115,0
DA:116,0
DA:117,0
DA:119,0
DA:120,0
DA:121,0
DA:123,0
DA:127,2
DA:133,2
DA:134,2
DA:136,2
DA:137,2
DA:138,2
DA:139,2
DA:140,2
DA:142,0
DA:143,0
DA:144,0
DA:145,0
DA:147,0
DA:148,0
DA:149,0
DA:151,0
DA:155,2
DA:161,2
DA:162,2
DA:163,2
DA:164,2
DA:166,0
DA:167,0
DA:168,0
DA:170,2
LF:82
LH:42
BRDA:108,0,0,2
BRDA:136,1,0,2
BRF:2
BRH:2
end_of_record
TN:
SF:src\application\services\EquipoService.ts
FN:6,(anonymous_7)
FN:8,(anonymous_8)
FN:25,(anonymous_10)
FN:49,(anonymous_12)
FN:66,(anonymous_14)
FN:90,(anonymous_16)
FNF:6
FNH:6
FNDA:10,(anonymous_7)
FNDA:2,(anonymous_8)
FNDA:2,(anonymous_10)
FNDA:2,(anonymous_12)
FNDA:2,(anonymous_14)
FNDA:2,(anonymous_16)
DA:5,1
DA:6,10
DA:9,2
DA:10,2
DA:11,1
DA:17,1
DA:26,2
DA:27,2
DA:28,2
DA:29,1
DA:35,1
DA:41,0
DA:50,2
DA:51,2
DA:52,1
DA:58,1
DA:67,2
DA:68,2
DA:69,2
DA:70,1
DA:76,1
DA:82,0
DA:91,2
DA:92,2
DA:93,2
DA:94,1
DA:100,1
DA:106,0
LF:28
LH:25
BRDA:28,0,0,1
BRDA:69,1,0,1
BRDA:93,2,0,1
BRF:3
BRH:3
end_of_record
TN:
SF:src\application\services\FacturaService.ts
FN:6,(anonymous_7)
FN:8,(anonymous_8)
FN:25,(anonymous_10)
FN:49,(anonymous_12)
FN:66,(anonymous_14)
FN:90,(anonymous_16)
FNF:6
FNH:6
FNDA:10,(anonymous_7)
FNDA:2,(anonymous_8)
FNDA:2,(anonymous_10)
FNDA:2,(anonymous_12)
FNDA:2,(anonymous_14)
FNDA:2,(anonymous_16)
DA:5,1
DA:6,10
DA:9,2
DA:10,2
DA:11,1
DA:17,1
DA:26,2
DA:27,2
DA:28,2
DA:29,1
DA:35,1
DA:41,0
DA:50,2
DA:51,2
DA:52,1
DA:58,1
DA:67,2
DA:68,2
DA:69,2
DA:70,1
DA:76,1
DA:82,0
DA:91,2
DA:92,2
DA:93,2
DA:94,1
DA:100,1
DA:106,0
LF:28
LH:25
BRDA:28,0,0,1
BRDA:69,1,0,1
BRDA:93,2,0,1
BRF:3
BRH:3
end_of_record
TN:
SF:src\application\services\NegocioService.ts
FN:6,(anonymous_7)
FN:8,(anonymous_8)
FN:25,(anonymous_10)
FN:49,(anonymous_12)
FN:66,(anonymous_14)
FN:90,(anonymous_16)
FNF:6
FNH:6
FNDA:10,(anonymous_7)
FNDA:2,(anonymous_8)
FNDA:2,(anonymous_10)
FNDA:2,(anonymous_12)
FNDA:2,(anonymous_14)
FNDA:2,(anonymous_16)
DA:5,1
DA:6,10
DA:9,2
DA:10,2
DA:11,1
DA:17,1
DA:26,2
DA:27,2
DA:28,2
DA:29,1
DA:35,1
DA:41,0
DA:50,2
DA:51,2
DA:52,1
DA:58,1
DA:67,2
DA:68,2
DA:69,2
DA:70,1
DA:76,1
DA:82,0
DA:91,2
DA:92,2
DA:93,2
DA:94,1
DA:100,1
DA:106,0
LF:28
LH:25
BRDA:28,0,0,1
BRDA:69,1,0,1
BRDA:93,2,0,1
BRF:3
BRH:3
end_of_record
TN:
SF:src\domain\entities\Cliente.ts
FN:9,(anonymous_0)
FNF:1
FNH:1
FNDA:6,(anonymous_0)
DA:1,1
DA:17,6
DA:18,6
DA:19,6
DA:20,6
DA:21,6
DA:22,6
LF:7
LH:7
BRF:0
BRH:0
end_of_record
TN:
SF:src\domain\entities\Equipo.ts
FN:7,(anonymous_0)
FNF:1
FNH:1
FNDA:6,(anonymous_0)
DA:1,2
DA:13,6
DA:14,6
DA:15,6
DA:16,6
LF:5
LH:5
BRF:0
BRH:0
end_of_record
TN:
SF:src\domain\entities\EquipoCosto.ts
FN:8,(anonymous_0)
FNF:1
FNH:0
FNDA:0,(anonymous_0)
DA:1,1
DA:15,0
DA:16,0
DA:17,0
DA:18,0
DA:19,0
LF:6
LH:1
BRF:0
BRH:0
end_of_record
TN:
SF:src\domain\entities\Factura.ts
FN:7,(anonymous_0)
FNF:1
FNH:1
FNDA:6,(anonymous_0)
DA:1,2
DA:13,6
DA:14,6
DA:15,6
DA:16,6
LF:5
LH:5
BRF:0
BRH:0
end_of_record
TN:
SF:src\domain\entities\FacturaDetalle.ts
FN:7,(anonymous_0)
FNF:1
FNH:0
FNDA:0,(anonymous_0)
DA:1,1
DA:13,0
DA:14,0
DA:15,0
DA:16,0
LF:5
LH:1
BRF:0
BRH:0
end_of_record
TN:
SF:src\domain\entities\Negocio.ts
FN:8,(anonymous_0)
FNF:1
FNH:1
FNDA:6,(anonymous_0)
DA:1,2
DA:15,6
DA:16,6
DA:17,6
DA:18,6
DA:19,6
LF:6
LH:6
BRF:0
BRH:0
end_of_record
TN:
SF:src\domain\entities\NegocioEquipo.ts
FN:9,(anonymous_0)
FNF:1
FNH:0
FNDA:0,(anonymous_0)
DA:1,1
DA:17,0
DA:18,0
DA:19,0
DA:20,0
DA:21,0
DA:22,0
LF:7
LH:1
BRF:0
BRH:0
end_of_record
TN:
SF:src\domain\entities\index.ts
FNF:0
FNH:0
DA:1,1
DA:2,1
DA:3,1
DA:4,1
DA:5,1
DA:6,1
DA:7,1
LF:7
LH:7
BRF:0
BRH:0
end_of_record
